<?xml version="1.0" encoding="UTF-8" ?>
<testsuite tests="93" failures="10" name="TestSuite" time="30.844" errors="0" skipped="4">
  <properties>
    <property name="java.runtime.name" value="Java(TM) SE Runtime Environment"/>
    <property name="sun.boot.library.path" value="C:\Program Files\Java\jdk1.8.0_45\jre\bin"/>
    <property name="java.vm.version" value="25.45-b02"/>
    <property name="java.vm.vendor" value="Oracle Corporation"/>
    <property name="java.vendor.url" value="http://java.oracle.com/"/>
    <property name="path.separator" value=";"/>
    <property name="java.vm.name" value="Java HotSpot(TM) Client VM"/>
    <property name="file.encoding.pkg" value="sun.io"/>
    <property name="user.script" value=""/>
    <property name="user.country" value="CN"/>
    <property name="sun.java.launcher" value="SUN_STANDARD"/>
    <property name="sun.os.patch.level" value="Service Pack 3"/>
    <property name="java.vm.specification.name" value="Java Virtual Machine Specification"/>
    <property name="user.dir" value="I:\apitest"/>
    <property name="java.runtime.version" value="1.8.0_45-b14"/>
    <property name="java.awt.graphicsenv" value="sun.awt.Win32GraphicsEnvironment"/>
    <property name="basedir" value="I:\apitest"/>
    <property name="java.endorsed.dirs" value="C:\Program Files\Java\jdk1.8.0_45\jre\lib\endorsed"/>
    <property name="os.arch" value="x86"/>
    <property name="surefire.real.class.path" value="C:\DOCUME~1\ADMINI~1\LOCALS~1\Temp\surefirebooter4539153511522263023.jar"/>
    <property name="java.io.tmpdir" value="C:\DOCUME~1\ADMINI~1\LOCALS~1\Temp\"/>
    <property name="line.separator" value="
"/>
    <property name="java.vm.specification.vendor" value="Oracle Corporation"/>
    <property name="user.variant" value=""/>
    <property name="os.name" value="Windows XP"/>
    <property name="sun.jnu.encoding" value="GBK"/>
    <property name="java.library.path" value="C:\Program Files\Java\jdk1.8.0_45\jre\bin;C:\WINDOWS\Sun\Java\bin;C:\WINDOWS\system32;C:\WINDOWS;C:/Program Files/Java/jdk1.8.0_45/bin/../jre/bin/client;C:/Program Files/Java/jdk1.8.0_45/bin/../jre/bin;C:/Program Files/Java/jdk1.8.0_45/bin/../jre/lib/i386;E:\oracle\product\10.1.0\Db_1\bin;C:\WINDOWS\system32;C:\WINDOWS;C:\WINDOWS\System32\Wbem;C:\Program Files\Common Files\Thunder Network\KanKan\Codecs;C:\Program Files\ATI Technologies\ATI.ACE\Core-Static;C:\strawberry\c\bin;C:\strawberry\perl\site\bin;C:\strawberry\perl\bin;C:\Program Files\Android\android-sdk\tools;C:\Program Files\Android\android-sdk\platform-tools;E:\Program Files\MySQL\MySQL Server 5.5\bin;C:\Program Files\Java\jdk1.8.0_45\bin;C:\Program Files\Git\cmd;I:\eclipse;;."/>
    <property name="surefire.test.class.path" value="I:\apitest\target\test-classes;I:\apitest\target\classes;C:\Documents and Settings\Administrator\.m2\repository\org\apache\httpcomponents\httpclient\4.3.5\httpclient-4.3.5.jar;C:\Documents and Settings\Administrator\.m2\repository\org\apache\httpcomponents\httpcore\4.3.2\httpcore-4.3.2.jar;C:\Documents and Settings\Administrator\.m2\repository\commons-logging\commons-logging\1.1.3\commons-logging-1.1.3.jar;C:\Documents and Settings\Administrator\.m2\repository\commons-codec\commons-codec\1.6\commons-codec-1.6.jar;C:\Documents and Settings\Administrator\.m2\repository\junit\junit\4.11\junit-4.11.jar;C:\Documents and Settings\Administrator\.m2\repository\org\hamcrest\hamcrest-core\1.3\hamcrest-core-1.3.jar;C:\Documents and Settings\Administrator\.m2\repository\log4j\log4j\1.2.16\log4j-1.2.16.jar;C:\Documents and Settings\Administrator\.m2\repository\com\alibaba\fastjson\1.1.37\fastjson-1.1.37.jar;C:\Documents and Settings\Administrator\.m2\repository\org\apache\poi\poi-ooxml\3.5-FINAL\poi-ooxml-3.5-FINAL.jar;C:\Documents and Settings\Administrator\.m2\repository\org\apache\poi\poi\3.5-FINAL\poi-3.5-FINAL.jar;C:\Documents and Settings\Administrator\.m2\repository\org\apache\poi\ooxml-schemas\1.0\ooxml-schemas-1.0.jar;C:\Documents and Settings\Administrator\.m2\repository\org\apache\xmlbeans\xmlbeans\2.3.0\xmlbeans-2.3.0.jar;C:\Documents and Settings\Administrator\.m2\repository\stax\stax-api\1.0.1\stax-api-1.0.1.jar;C:\Documents and Settings\Administrator\.m2\repository\org\springframework\spring-web\3.2.2.RELEASE\spring-web-3.2.2.RELEASE.jar;C:\Documents and Settings\Administrator\.m2\repository\aopalliance\aopalliance\1.0\aopalliance-1.0.jar;C:\Documents and Settings\Administrator\.m2\repository\org\springframework\spring-aop\3.2.2.RELEASE\spring-aop-3.2.2.RELEASE.jar;C:\Documents and Settings\Administrator\.m2\repository\org\springframework\spring-context\3.2.2.RELEASE\spring-context-3.2.2.RELEASE.jar;C:\Documents and Settings\Administrator\.m2\repository\org\springframework\spring-core\3.2.2.RELEASE\spring-core-3.2.2.RELEASE.jar;C:\Documents and Settings\Administrator\.m2\repository\org\springframework\spring-webmvc\3.2.2.RELEASE\spring-webmvc-3.2.2.RELEASE.jar;C:\Documents and Settings\Administrator\.m2\repository\org\springframework\spring-expression\3.2.2.RELEASE\spring-expression-3.2.2.RELEASE.jar;C:\Documents and Settings\Administrator\.m2\repository\org\springframework\spring-beans\3.2.2.RELEASE\spring-beans-3.2.2.RELEASE.jar;C:\Documents and Settings\Administrator\.m2\repository\redis\clients\jedis\2.7.2\jedis-2.7.2.jar;C:\Documents and Settings\Administrator\.m2\repository\org\apache\commons\commons-pool2\2.3\commons-pool2-2.3.jar;C:\Documents and Settings\Administrator\.m2\repository\org\dbunit\dbunit\2.5.1\dbunit-2.5.1.jar;C:\Documents and Settings\Administrator\.m2\repository\org\slf4j\slf4j-api\1.7.12\slf4j-api-1.7.12.jar;C:\Documents and Settings\Administrator\.m2\repository\commons-collections\commons-collections\3.2.1\commons-collections-3.2.1.jar;C:\Documents and Settings\Administrator\.m2\repository\commons-io\commons-io\2.4\commons-io-2.4.jar;C:\Documents and Settings\Administrator\.m2\repository\org\jmockit\jmockit\1.17\jmockit-1.17.jar;C:\Documents and Settings\Administrator\.m2\repository\dom4j\dom4j\1.6.1\dom4j-1.6.1.jar;C:\Documents and Settings\Administrator\.m2\repository\xml-apis\xml-apis\1.0.b2\xml-apis-1.0.b2.jar;C:\Documents and Settings\Administrator\.m2\repository\org\seleniumhq\selenium\selenium-java\2.46.0\selenium-java-2.46.0.jar;C:\Documents and Settings\Administrator\.m2\repository\org\seleniumhq\selenium\selenium-chrome-driver\2.46.0\selenium-chrome-driver-2.46.0.jar;C:\Documents and Settings\Administrator\.m2\repository\org\seleniumhq\selenium\selenium-remote-driver\2.46.0\selenium-remote-driver-2.46.0.jar;C:\Documents and Settings\Administrator\.m2\repository\cglib\cglib-nodep\2.1_3\cglib-nodep-2.1_3.jar;C:\Documents and Settings\Administrator\.m2\repository\com\google\code\gson\gson\2.3.1\gson-2.3.1.jar;C:\Documents and Settings\Administrator\.m2\repository\org\seleniumhq\selenium\selenium-api\2.46.0\selenium-api-2.46.0.jar;C:\Documents and Settings\Administrator\.m2\repository\com\google\guava\guava\18.0\guava-18.0.jar;C:\Documents and Settings\Administrator\.m2\repository\org\seleniumhq\selenium\selenium-htmlunit-driver\2.46.0\selenium-htmlunit-driver-2.46.0.jar;C:\Documents and Settings\Administrator\.m2\repository\net\sourceforge\htmlunit\htmlunit\2.17\htmlunit-2.17.jar;C:\Documents and Settings\Administrator\.m2\repository\xalan\xalan\2.7.2\xalan-2.7.2.jar;C:\Documents and Settings\Administrator\.m2\repository\xalan\serializer\2.7.2\serializer-2.7.2.jar;C:\Documents and Settings\Administrator\.m2\repository\org\apache\commons\commons-lang3\3.4\commons-lang3-3.4.jar;C:\Documents and Settings\Administrator\.m2\repository\org\apache\httpcomponents\httpmime\4.4.1\httpmime-4.4.1.jar;C:\Documents and Settings\Administrator\.m2\repository\net\sourceforge\htmlunit\htmlunit-core-js\2.17\htmlunit-core-js-2.17.jar;C:\Documents and Settings\Administrator\.m2\repository\net\sourceforge\nekohtml\nekohtml\1.9.22\nekohtml-1.9.22.jar;C:\Documents and Settings\Administrator\.m2\repository\net\sourceforge\cssparser\cssparser\0.9.16\cssparser-0.9.16.jar;C:\Documents and Settings\Administrator\.m2\repository\org\w3c\css\sac\1.3\sac-1.3.jar;C:\Documents and Settings\Administrator\.m2\repository\org\eclipse\jetty\websocket\websocket-client\9.2.11.v20150529\websocket-client-9.2.11.v20150529.jar;C:\Documents and Settings\Administrator\.m2\repository\org\eclipse\jetty\jetty-util\9.2.11.v20150529\jetty-util-9.2.11.v20150529.jar;C:\Documents and Settings\Administrator\.m2\repository\org\eclipse\jetty\jetty-io\9.2.11.v20150529\jetty-io-9.2.11.v20150529.jar;C:\Documents and Settings\Administrator\.m2\repository\org\eclipse\jetty\websocket\websocket-common\9.2.11.v20150529\websocket-common-9.2.11.v20150529.jar;C:\Documents and Settings\Administrator\.m2\repository\org\eclipse\jetty\websocket\websocket-api\9.2.11.v20150529\websocket-api-9.2.11.v20150529.jar;C:\Documents and Settings\Administrator\.m2\repository\org\seleniumhq\selenium\selenium-firefox-driver\2.46.0\selenium-firefox-driver-2.46.0.jar;C:\Documents and Settings\Administrator\.m2\repository\org\apache\commons\commons-exec\1.3\commons-exec-1.3.jar;C:\Documents and Settings\Administrator\.m2\repository\org\seleniumhq\selenium\selenium-ie-driver\2.46.0\selenium-ie-driver-2.46.0.jar;C:\Documents and Settings\Administrator\.m2\repository\net\java\dev\jna\jna\4.1.0\jna-4.1.0.jar;C:\Documents and Settings\Administrator\.m2\repository\net\java\dev\jna\jna-platform\4.1.0\jna-platform-4.1.0.jar;C:\Documents and Settings\Administrator\.m2\repository\org\seleniumhq\selenium\selenium-safari-driver\2.46.0\selenium-safari-driver-2.46.0.jar;C:\Documents and Settings\Administrator\.m2\repository\org\seleniumhq\selenium\selenium-support\2.46.0\selenium-support-2.46.0.jar;C:\Documents and Settings\Administrator\.m2\repository\org\webbitserver\webbit\0.4.14\webbit-0.4.14.jar;C:\Documents and Settings\Administrator\.m2\repository\io\netty\netty\3.5.2.Final\netty-3.5.2.Final.jar;C:\Documents and Settings\Administrator\.m2\repository\org\seleniumhq\selenium\selenium-leg-rc\2.46.0\selenium-leg-rc-2.46.0.jar;C:\Documents and Settings\Administrator\.m2\repository\org\seleniumhq\selenium\selenium-server\2.46.0\selenium-server-2.46.0.jar;C:\Documents and Settings\Administrator\.m2\repository\org\bouncycastle\bcprov-jdk15on\1.48\bcprov-jdk15on-1.48.jar;C:\Documents and Settings\Administrator\.m2\repository\org\bouncycastle\bcpkix-jdk15on\1.48\bcpkix-jdk15on-1.48.jar;C:\Documents and Settings\Administrator\.m2\repository\mx4j\mx4j-tools\3.0.1\mx4j-tools-3.0.1.jar;C:\Documents and Settings\Administrator\.m2\repository\org\mortbay\jetty\servlet-api-2.5\6.1.9\servlet-api-2.5-6.1.9.jar;C:\Documents and Settings\Administrator\.m2\repository\org\seleniumhq\selenium\jetty-repacked\7.6.1\jetty-repacked-7.6.1.jar;C:\Documents and Settings\Administrator\.m2\repository\org\seleniumhq\selenium\jetty-rc-repacked\5\jetty-rc-repacked-5.jar;C:\Documents and Settings\Administrator\.m2\repository\net\jcip\jcip-annotations\1.0\jcip-annotations-1.0.jar;C:\Documents and Settings\Administrator\.m2\repository\org\yaml\snakeyaml\1.8\snakeyaml-1.8.jar;C:\Documents and Settings\Administrator\.m2\repository\xerces\xercesImpl\2.4.0\xercesImpl-2.4.0.jar;C:\Documents and Settings\Administrator\.m2\repository\org\testng\testng\6.1.1\testng-6.1.1.jar;C:\Documents and Settings\Administrator\.m2\repository\org\beanshell\bsh\2.0b4\bsh-2.0b4.jar;C:\Documents and Settings\Administrator\.m2\repository\com\beust\jcommander\1.12\jcommander-1.12.jar;C:\Documents and Settings\Administrator\.m2\repository\com\google\inject\guice\3.0\guice-3.0.jar;C:\Documents and Settings\Administrator\.m2\repository\javax\inject\javax.inject\1\javax.inject-1.jar;C:\Documents and Settings\Administrator\.m2\repository\org\uncommons\reportng\1.1.4\reportng-1.1.4.jar;C:\Documents and Settings\Administrator\.m2\repository\velocity\velocity\1.4\velocity-1.4.jar;C:\Documents and Settings\Administrator\.m2\repository\velocity\velocity-dep\1.4\velocity-dep-1.4.jar;"/>
    <property name="java.specification.name" value="Java Platform API Specification"/>
    <property name="java.class.version" value="52.0"/>
    <property name="sun.management.compiler" value="HotSpot Client Compiler"/>
    <property name="os.version" value="5.1"/>
    <property name="user.home" value="C:\Documents and Settings\Administrator"/>
    <property name="user.timezone" value="Asia/Shanghai"/>
    <property name="java.awt.printerjob" value="sun.awt.windows.WPrinterJob"/>
    <property name="java.specification.version" value="1.8"/>
    <property name="file.encoding" value="GBK"/>
    <property name="user.name" value="Administrator"/>
    <property name="java.class.path" value="I:\apitest\target\test-classes;I:\apitest\target\classes;C:\Documents and Settings\Administrator\.m2\repository\org\apache\httpcomponents\httpclient\4.3.5\httpclient-4.3.5.jar;C:\Documents and Settings\Administrator\.m2\repository\org\apache\httpcomponents\httpcore\4.3.2\httpcore-4.3.2.jar;C:\Documents and Settings\Administrator\.m2\repository\commons-logging\commons-logging\1.1.3\commons-logging-1.1.3.jar;C:\Documents and Settings\Administrator\.m2\repository\commons-codec\commons-codec\1.6\commons-codec-1.6.jar;C:\Documents and Settings\Administrator\.m2\repository\junit\junit\4.11\junit-4.11.jar;C:\Documents and Settings\Administrator\.m2\repository\org\hamcrest\hamcrest-core\1.3\hamcrest-core-1.3.jar;C:\Documents and Settings\Administrator\.m2\repository\log4j\log4j\1.2.16\log4j-1.2.16.jar;C:\Documents and Settings\Administrator\.m2\repository\com\alibaba\fastjson\1.1.37\fastjson-1.1.37.jar;C:\Documents and Settings\Administrator\.m2\repository\org\apache\poi\poi-ooxml\3.5-FINAL\poi-ooxml-3.5-FINAL.jar;C:\Documents and Settings\Administrator\.m2\repository\org\apache\poi\poi\3.5-FINAL\poi-3.5-FINAL.jar;C:\Documents and Settings\Administrator\.m2\repository\org\apache\poi\ooxml-schemas\1.0\ooxml-schemas-1.0.jar;C:\Documents and Settings\Administrator\.m2\repository\org\apache\xmlbeans\xmlbeans\2.3.0\xmlbeans-2.3.0.jar;C:\Documents and Settings\Administrator\.m2\repository\stax\stax-api\1.0.1\stax-api-1.0.1.jar;C:\Documents and Settings\Administrator\.m2\repository\org\springframework\spring-web\3.2.2.RELEASE\spring-web-3.2.2.RELEASE.jar;C:\Documents and Settings\Administrator\.m2\repository\aopalliance\aopalliance\1.0\aopalliance-1.0.jar;C:\Documents and Settings\Administrator\.m2\repository\org\springframework\spring-aop\3.2.2.RELEASE\spring-aop-3.2.2.RELEASE.jar;C:\Documents and Settings\Administrator\.m2\repository\org\springframework\spring-context\3.2.2.RELEASE\spring-context-3.2.2.RELEASE.jar;C:\Documents and Settings\Administrator\.m2\repository\org\springframework\spring-core\3.2.2.RELEASE\spring-core-3.2.2.RELEASE.jar;C:\Documents and Settings\Administrator\.m2\repository\org\springframework\spring-webmvc\3.2.2.RELEASE\spring-webmvc-3.2.2.RELEASE.jar;C:\Documents and Settings\Administrator\.m2\repository\org\springframework\spring-expression\3.2.2.RELEASE\spring-expression-3.2.2.RELEASE.jar;C:\Documents and Settings\Administrator\.m2\repository\org\springframework\spring-beans\3.2.2.RELEASE\spring-beans-3.2.2.RELEASE.jar;C:\Documents and Settings\Administrator\.m2\repository\redis\clients\jedis\2.7.2\jedis-2.7.2.jar;C:\Documents and Settings\Administrator\.m2\repository\org\apache\commons\commons-pool2\2.3\commons-pool2-2.3.jar;C:\Documents and Settings\Administrator\.m2\repository\org\dbunit\dbunit\2.5.1\dbunit-2.5.1.jar;C:\Documents and Settings\Administrator\.m2\repository\org\slf4j\slf4j-api\1.7.12\slf4j-api-1.7.12.jar;C:\Documents and Settings\Administrator\.m2\repository\commons-collections\commons-collections\3.2.1\commons-collections-3.2.1.jar;C:\Documents and Settings\Administrator\.m2\repository\commons-io\commons-io\2.4\commons-io-2.4.jar;C:\Documents and Settings\Administrator\.m2\repository\org\jmockit\jmockit\1.17\jmockit-1.17.jar;C:\Documents and Settings\Administrator\.m2\repository\dom4j\dom4j\1.6.1\dom4j-1.6.1.jar;C:\Documents and Settings\Administrator\.m2\repository\xml-apis\xml-apis\1.0.b2\xml-apis-1.0.b2.jar;C:\Documents and Settings\Administrator\.m2\repository\org\seleniumhq\selenium\selenium-java\2.46.0\selenium-java-2.46.0.jar;C:\Documents and Settings\Administrator\.m2\repository\org\seleniumhq\selenium\selenium-chrome-driver\2.46.0\selenium-chrome-driver-2.46.0.jar;C:\Documents and Settings\Administrator\.m2\repository\org\seleniumhq\selenium\selenium-remote-driver\2.46.0\selenium-remote-driver-2.46.0.jar;C:\Documents and Settings\Administrator\.m2\repository\cglib\cglib-nodep\2.1_3\cglib-nodep-2.1_3.jar;C:\Documents and Settings\Administrator\.m2\repository\com\google\code\gson\gson\2.3.1\gson-2.3.1.jar;C:\Documents and Settings\Administrator\.m2\repository\org\seleniumhq\selenium\selenium-api\2.46.0\selenium-api-2.46.0.jar;C:\Documents and Settings\Administrator\.m2\repository\com\google\guava\guava\18.0\guava-18.0.jar;C:\Documents and Settings\Administrator\.m2\repository\org\seleniumhq\selenium\selenium-htmlunit-driver\2.46.0\selenium-htmlunit-driver-2.46.0.jar;C:\Documents and Settings\Administrator\.m2\repository\net\sourceforge\htmlunit\htmlunit\2.17\htmlunit-2.17.jar;C:\Documents and Settings\Administrator\.m2\repository\xalan\xalan\2.7.2\xalan-2.7.2.jar;C:\Documents and Settings\Administrator\.m2\repository\xalan\serializer\2.7.2\serializer-2.7.2.jar;C:\Documents and Settings\Administrator\.m2\repository\org\apache\commons\commons-lang3\3.4\commons-lang3-3.4.jar;C:\Documents and Settings\Administrator\.m2\repository\org\apache\httpcomponents\httpmime\4.4.1\httpmime-4.4.1.jar;C:\Documents and Settings\Administrator\.m2\repository\net\sourceforge\htmlunit\htmlunit-core-js\2.17\htmlunit-core-js-2.17.jar;C:\Documents and Settings\Administrator\.m2\repository\net\sourceforge\nekohtml\nekohtml\1.9.22\nekohtml-1.9.22.jar;C:\Documents and Settings\Administrator\.m2\repository\net\sourceforge\cssparser\cssparser\0.9.16\cssparser-0.9.16.jar;C:\Documents and Settings\Administrator\.m2\repository\org\w3c\css\sac\1.3\sac-1.3.jar;C:\Documents and Settings\Administrator\.m2\repository\org\eclipse\jetty\websocket\websocket-client\9.2.11.v20150529\websocket-client-9.2.11.v20150529.jar;C:\Documents and Settings\Administrator\.m2\repository\org\eclipse\jetty\jetty-util\9.2.11.v20150529\jetty-util-9.2.11.v20150529.jar;C:\Documents and Settings\Administrator\.m2\repository\org\eclipse\jetty\jetty-io\9.2.11.v20150529\jetty-io-9.2.11.v20150529.jar;C:\Documents and Settings\Administrator\.m2\repository\org\eclipse\jetty\websocket\websocket-common\9.2.11.v20150529\websocket-common-9.2.11.v20150529.jar;C:\Documents and Settings\Administrator\.m2\repository\org\eclipse\jetty\websocket\websocket-api\9.2.11.v20150529\websocket-api-9.2.11.v20150529.jar;C:\Documents and Settings\Administrator\.m2\repository\org\seleniumhq\selenium\selenium-firefox-driver\2.46.0\selenium-firefox-driver-2.46.0.jar;C:\Documents and Settings\Administrator\.m2\repository\org\apache\commons\commons-exec\1.3\commons-exec-1.3.jar;C:\Documents and Settings\Administrator\.m2\repository\org\seleniumhq\selenium\selenium-ie-driver\2.46.0\selenium-ie-driver-2.46.0.jar;C:\Documents and Settings\Administrator\.m2\repository\net\java\dev\jna\jna\4.1.0\jna-4.1.0.jar;C:\Documents and Settings\Administrator\.m2\repository\net\java\dev\jna\jna-platform\4.1.0\jna-platform-4.1.0.jar;C:\Documents and Settings\Administrator\.m2\repository\org\seleniumhq\selenium\selenium-safari-driver\2.46.0\selenium-safari-driver-2.46.0.jar;C:\Documents and Settings\Administrator\.m2\repository\org\seleniumhq\selenium\selenium-support\2.46.0\selenium-support-2.46.0.jar;C:\Documents and Settings\Administrator\.m2\repository\org\webbitserver\webbit\0.4.14\webbit-0.4.14.jar;C:\Documents and Settings\Administrator\.m2\repository\io\netty\netty\3.5.2.Final\netty-3.5.2.Final.jar;C:\Documents and Settings\Administrator\.m2\repository\org\seleniumhq\selenium\selenium-leg-rc\2.46.0\selenium-leg-rc-2.46.0.jar;C:\Documents and Settings\Administrator\.m2\repository\org\seleniumhq\selenium\selenium-server\2.46.0\selenium-server-2.46.0.jar;C:\Documents and Settings\Administrator\.m2\repository\org\bouncycastle\bcprov-jdk15on\1.48\bcprov-jdk15on-1.48.jar;C:\Documents and Settings\Administrator\.m2\repository\org\bouncycastle\bcpkix-jdk15on\1.48\bcpkix-jdk15on-1.48.jar;C:\Documents and Settings\Administrator\.m2\repository\mx4j\mx4j-tools\3.0.1\mx4j-tools-3.0.1.jar;C:\Documents and Settings\Administrator\.m2\repository\org\mortbay\jetty\servlet-api-2.5\6.1.9\servlet-api-2.5-6.1.9.jar;C:\Documents and Settings\Administrator\.m2\repository\org\seleniumhq\selenium\jetty-repacked\7.6.1\jetty-repacked-7.6.1.jar;C:\Documents and Settings\Administrator\.m2\repository\org\seleniumhq\selenium\jetty-rc-repacked\5\jetty-rc-repacked-5.jar;C:\Documents and Settings\Administrator\.m2\repository\net\jcip\jcip-annotations\1.0\jcip-annotations-1.0.jar;C:\Documents and Settings\Administrator\.m2\repository\org\yaml\snakeyaml\1.8\snakeyaml-1.8.jar;C:\Documents and Settings\Administrator\.m2\repository\xerces\xercesImpl\2.4.0\xercesImpl-2.4.0.jar;C:\Documents and Settings\Administrator\.m2\repository\org\testng\testng\6.1.1\testng-6.1.1.jar;C:\Documents and Settings\Administrator\.m2\repository\org\beanshell\bsh\2.0b4\bsh-2.0b4.jar;C:\Documents and Settings\Administrator\.m2\repository\com\beust\jcommander\1.12\jcommander-1.12.jar;C:\Documents and Settings\Administrator\.m2\repository\com\google\inject\guice\3.0\guice-3.0.jar;C:\Documents and Settings\Administrator\.m2\repository\javax\inject\javax.inject\1\javax.inject-1.jar;C:\Documents and Settings\Administrator\.m2\repository\org\uncommons\reportng\1.1.4\reportng-1.1.4.jar;C:\Documents and Settings\Administrator\.m2\repository\velocity\velocity\1.4\velocity-1.4.jar;C:\Documents and Settings\Administrator\.m2\repository\velocity\velocity-dep\1.4\velocity-dep-1.4.jar;"/>
    <property name="java.vm.specification.version" value="1.8"/>
    <property name="sun.arch.data.model" value="32"/>
    <property name="java.home" value="C:\Program Files\Java\jdk1.8.0_45\jre"/>
    <property name="sun.java.command" value="C:\DOCUME~1\ADMINI~1\LOCALS~1\Temp\surefirebooter4539153511522263023.jar C:\DOCUME~1\ADMINI~1\LOCALS~1\Temp\surefire5006239422748320036tmp C:\DOCUME~1\ADMINI~1\LOCALS~1\Temp\surefire7414506842864240440tmp"/>
    <property name="java.specification.vendor" value="Oracle Corporation"/>
    <property name="user.language" value="zh"/>
    <property name="awt.toolkit" value="sun.awt.windows.WToolkit"/>
    <property name="java.vm.info" value="mixed mode"/>
    <property name="WORKDIR" value="I:\apitest"/>
    <property name="java.version" value="1.8.0_45"/>
    <property name="java.ext.dirs" value="C:\Program Files\Java\jdk1.8.0_45\jre\lib\ext;C:\WINDOWS\Sun\Java\lib\ext"/>
    <property name="sun.boot.class.path" value="C:\Program Files\Java\jdk1.8.0_45\jre\lib\resources.jar;C:\Program Files\Java\jdk1.8.0_45\jre\lib\rt.jar;C:\Program Files\Java\jdk1.8.0_45\jre\lib\sunrsasign.jar;C:\Program Files\Java\jdk1.8.0_45\jre\lib\jsse.jar;C:\Program Files\Java\jdk1.8.0_45\jre\lib\jce.jar;C:\Program Files\Java\jdk1.8.0_45\jre\lib\charsets.jar;C:\Program Files\Java\jdk1.8.0_45\jre\lib\jfr.jar;C:\Program Files\Java\jdk1.8.0_45\jre\classes"/>
    <property name="java.vendor" value="Oracle Corporation"/>
    <property name="localRepository" value="C:\Documents and Settings\Administrator\.m2\repository"/>
    <property name="file.separator" value="\"/>
    <property name="java.vendor.url.bug" value="http://bugreport.sun.com/bugreport/"/>
    <property name="sun.cpu.endian" value="little"/>
    <property name="sun.io.unicode.encoding" value="UnicodeLittle"/>
    <property name="sun.desktop" value="windows"/>
    <property name="sun.cpu.isalist" value=""/>
  </properties>
  <testcase classname="com.ezijing.qa.sso.DeleteUser" name="deleteUserNoId" time="0.218"/>
  <testcase classname="com.ezijing.qa.sso.DeleteUser" name="deleteUserNormal" time="0.125"/>
  <testcase classname="com.ezijing.qa.sso.DeleteUser" name="deleteUserNoExist" time="0.172"/>
  <testcase classname="com.ezijing.qa.sso.GetUser" name="getUserNormal" time="0.187"/>
  <testcase classname="com.ezijing.qa.sso.GetUser" name="getUserNoId" time="0.125"/>
  <testcase classname="com.ezijing.qa.datacenter.GetIsLogin" name="isLoginNormal" time="0.157"/>
  <testcase classname="com.ezijing.qa.datacenter.GetIsLogin" name="isLoginNologin" time="0.156"/>
  <testcase classname="com.ezijing.qa.sso.PostUser" name="testAddUserNoEmail" time="0.125"/>
  <testcase classname="com.ezijing.qa.sso.PostUser" name="testAddUserNoPassword" time="0.109"/>
  <testcase classname="com.ezijing.qa.sso.PostUser" name="testAddUserNoUsername" time="0.141"/>
  <testcase classname="com.ezijing.qa.sso.PostUser" name="testAddUser" time="0.187"/>
  <testcase classname="com.ezijing.qa.sso.PutUser" name="modifyUserInfoNormal" time="0.11"/>
  <testcase classname="com.ezijing.qa.sso.PutUser" name="modifyUserInfoNoId" time="0.078"/>
  <testcase classname="com.ezijing.qa.sso.PutUser" name="modifyUserInfoNoOther" time="0.079"/>
  <testcase classname="com.ezijing.qa.datacenter.GetCourseInformation" name="courseInformation" time="0.187"/>
  <testcase classname="com.ezijing.qa.datacenter.mobile.GetChannel" name="mobileChannelNoraml" time="0.188"/>
  <testcase classname="com.ezijing.qa.datacenter.player.GetPlayerAjaxPush" name="ajaxpushPlayerNodata" time="0.172"/>
  <testcase classname="com.ezijing.qa.datacenter.player.GetPlayerAjaxPush" name="ajaxpushPlayerNormal" time="0.188"/>
  <testcase classname="com.ezijing.qa.datacenter.player.GetPlayerAjaxPush" name="ajaxpushPlayerNosid" time="0.187"/>
  <testcase classname="com.ezijing.qa.datacenter.player.GetPlayerAjaxPush" name="ajaxpushPlayerNotd" time="0.219"/>
  <testcase classname="com.ezijing.qa.datacenter.player.GetPlayerAjaxPush" name="ajaxpushPlayerNots" time="0.156"/>
  <testcase classname="com.ezijing.qa.datacenter.player.GetPlayerAjaxPush" name="ajaxpushPlayerNovid" time="0.188"/>
  <testcase classname="com.ezijing.qa.datacenter.video.GetLastPlayed" name="lastPlayedNormal" time="0.187">
    <failure message="expected:&lt;400&gt; but was:&lt;200&gt;" type="java.lang.AssertionError">java.lang.AssertionError: expected:&lt;400&gt; but was:&lt;200&gt;
	at org.junit.Assert.fail(Assert.java:88)
	at org.junit.Assert.failNotEquals(Assert.java:743)
	at org.junit.Assert.assertEquals(Assert.java:118)
	at org.junit.Assert.assertEquals(Assert.java:555)
	at org.junit.Assert.assertEquals(Assert.java:542)
	at com.ezijing.qa.datacenter.video.GetLastPlayed.lastPlayedNormal(GetLastPlayed.java:41)
</failure>
    <system-out>request url is : https://api.ezijing.com/cloud/v2/course/last-played?course_ids=756&amp;video_ids=758
Resuest method : GET
Response time is :172ms
Response is :{&quot;data&quot;:[],&quot;errorCode&quot;:400,&quot;errorMsg&quot;:&quot;Bad request. Not Login&quot;,&quot;request&quot;:&quot;v2/course/last-played&quot;}
</system-out>
  </testcase>
  <testcase classname="com.ezijing.qa.sso.DeleteTicketTGT" name="deleteTGT" time="0.109"/>
  <testcase classname="com.ezijing.qa.datacenter.GetCourseMyFavorite" name="courseMyfavorite" time="0.235"/>
  <testcase classname="com.ezijing.qa.datacenter.mobile.GetSlider" name="mobileSliderNormal" time="0.219"/>
  <testcase classname="com.ezijing.qa.datacenter.player.GetPlayerAjaxReview" name="ajaxreviewPlayerNoCostTime" time="0.219"/>
  <testcase classname="com.ezijing.qa.datacenter.player.GetPlayerAjaxReview" name="ajaxreviewPlayerNoDeviceType" time="0.219"/>
  <testcase classname="com.ezijing.qa.datacenter.player.GetPlayerAjaxReview" name="ajaxreviewPlayerNoQuiid" time="0.203"/>
  <testcase classname="com.ezijing.qa.datacenter.player.GetPlayerAjaxReview" name="ajaxreviewPlayerNoResult" time="0.218"/>
  <testcase classname="com.ezijing.qa.datacenter.player.GetPlayerAjaxReview" name="ajaxreviewPlayerNoSeriesid" time="0.204"/>
  <testcase classname="com.ezijing.qa.datacenter.player.GetPlayerAjaxReview" name="ajaxreviewPlayerNoVideoid" time="0.203"/>
  <testcase classname="com.ezijing.qa.datacenter.player.GetPlayerAjaxReview" name="ajaxreviewPlayerNormal" time="0.234"/>
  <testcase classname="com.ezijing.qa.datacenter.video.GetVideoAjaxMark" name="videoAjaxMarkNoVideoid" time="0.172">
    <failure message="expected:&lt;404&gt; but was:&lt;400&gt;" type="java.lang.AssertionError">java.lang.AssertionError: expected:&lt;404&gt; but was:&lt;400&gt;
	at org.junit.Assert.fail(Assert.java:88)
	at org.junit.Assert.failNotEquals(Assert.java:743)
	at org.junit.Assert.assertEquals(Assert.java:118)
	at org.junit.Assert.assertEquals(Assert.java:555)
	at org.junit.Assert.assertEquals(Assert.java:542)
	at com.ezijing.qa.datacenter.video.GetVideoAjaxMark.videoAjaxMarkNoVideoid(GetVideoAjaxMark.java:58)
</failure>
    <system-out>request url is : https://api.ezijing.com/cloud/v2/ajax-mark?mark=1
Resuest method : GET
Response time is :172ms
Response is :{&quot;data&quot;:[],&quot;errorCode&quot;:404,&quot;errorMsg&quot;:&quot;&quot;,&quot;request&quot;:&quot;v2/ajax-mark&quot;}
</system-out>
  </testcase>
  <testcase classname="com.ezijing.qa.datacenter.video.GetVideoAjaxMark" name="videoAjaxMarkNomark" time="0.172">
    <failure message="expected:&lt;404&gt; but was:&lt;400&gt;" type="java.lang.AssertionError">java.lang.AssertionError: expected:&lt;404&gt; but was:&lt;400&gt;
	at org.junit.Assert.fail(Assert.java:88)
	at org.junit.Assert.failNotEquals(Assert.java:743)
	at org.junit.Assert.assertEquals(Assert.java:118)
	at org.junit.Assert.assertEquals(Assert.java:555)
	at org.junit.Assert.assertEquals(Assert.java:542)
	at com.ezijing.qa.datacenter.video.GetVideoAjaxMark.videoAjaxMarkNomark(GetVideoAjaxMark.java:73)
</failure>
    <system-out>request url is : https://api.ezijing.com/cloud/v2/ajax-mark?video_id=5006
Resuest method : GET
Response time is :172ms
Response is :{&quot;data&quot;:[],&quot;errorCode&quot;:404,&quot;errorMsg&quot;:&quot;&quot;,&quot;request&quot;:&quot;v2/ajax-mark&quot;}
</system-out>
  </testcase>
  <testcase classname="com.ezijing.qa.datacenter.video.GetVideoAjaxMark" name="videoAjaxMarkNormal" time="0.172">
    <failure message="expected:&lt;404&gt; but was:&lt;200&gt;" type="java.lang.AssertionError">java.lang.AssertionError: expected:&lt;404&gt; but was:&lt;200&gt;
	at org.junit.Assert.fail(Assert.java:88)
	at org.junit.Assert.failNotEquals(Assert.java:743)
	at org.junit.Assert.assertEquals(Assert.java:118)
	at org.junit.Assert.assertEquals(Assert.java:555)
	at org.junit.Assert.assertEquals(Assert.java:542)
	at com.ezijing.qa.datacenter.video.GetVideoAjaxMark.videoAjaxMarkNormal(GetVideoAjaxMark.java:44)
</failure>
    <system-out>request url is : https://api.ezijing.com/cloud/v2/ajax-mark?mark=1&amp;video_id=5006
Resuest method : GET
Response time is :157ms
Response is :{&quot;data&quot;:[],&quot;errorCode&quot;:404,&quot;errorMsg&quot;:&quot;&quot;,&quot;request&quot;:&quot;v2/ajax-mark&quot;}
</system-out>
  </testcase>
  <testcase classname="com.ezijing.qa.datacenter.GetCourseMyjoined" name="courseMyJoined" time="0.281"/>
  <testcase classname="com.ezijing.qa.datacenter.mobile.GetSwitch" name="mobileSwitchNoraml" time="0.156"/>
  <testcase classname="com.ezijing.qa.datacenter.player.PostPlayerPush" name="pushPlayerNormal" time="1">
    <failure message="Method org.testng.internal.TestNGMethod.pushPlayerNormal() didn&apos;t finish within the time-out 1000" type="org.testng.internal.thread.ThreadTimeoutException">org.testng.internal.thread.ThreadTimeoutException: Method org.testng.internal.TestNGMethod.pushPlayerNormal() didn&apos;t finish within the time-out 1000
	at java.util.zip.Inflater.inflateBytes(Native Method)
	at java.util.zip.Inflater.inflate(Inflater.java:259)
	at java.util.zip.InflaterInputStream.read(InflaterInputStream.java:152)
	at java.util.zip.InflaterInputStream.read(InflaterInputStream.java:122)
	at java.io.FilterInputStream.read(FilterInputStream.java:83)
	at java.io.DataInputStream.readUnsignedShort(DataInputStream.java:337)
	at org.apache.xmlbeans.impl.schema.SchemaTypeSystemImpl$XsbReader.readShort(SchemaTypeSystemImpl.java:1773)
	at org.apache.xmlbeans.impl.schema.SchemaTypeSystemImpl$XsbReader.readString(SchemaTypeSystemImpl.java:1827)
	at org.apache.xmlbeans.impl.schema.SchemaTypeSystemImpl$XsbReader.readHandle(SchemaTypeSystemImpl.java:1981)
	at org.apache.xmlbeans.impl.schema.SchemaTypeSystemImpl$XsbReader.readTypeRef(SchemaTypeSystemImpl.java:2095)
	at org.apache.xmlbeans.impl.schema.SchemaTypeSystemImpl$XsbReader.readXmlValueObject(SchemaTypeSystemImpl.java:3224)
	at org.apache.xmlbeans.impl.schema.SchemaTypeSystemImpl$XsbReader.loadParticle(SchemaTypeSystemImpl.java:3016)
	at org.apache.xmlbeans.impl.schema.SchemaTypeSystemImpl$XsbReader.readParticleData(SchemaTypeSystemImpl.java:2989)
	at org.apache.xmlbeans.impl.schema.SchemaTypeSystemImpl$XsbReader.readParticleArray(SchemaTypeSystemImpl.java:2970)
	at org.apache.xmlbeans.impl.schema.SchemaTypeSystemImpl$XsbReader.loadParticle(SchemaTypeSystemImpl.java:3037)
	at org.apache.xmlbeans.impl.schema.SchemaTypeSystemImpl$XsbReader.readParticleData(SchemaTypeSystemImpl.java:2989)
	at org.apache.xmlbeans.impl.schema.SchemaTypeSystemImpl$XsbReader.readParticleArray(SchemaTypeSystemImpl.java:2970)
	at org.apache.xmlbeans.impl.schema.SchemaTypeSystemImpl$XsbReader.finishLoadingType(SchemaTypeSystemImpl.java:2555)
	at org.apache.xmlbeans.impl.schema.SchemaTypeSystemImpl.resolveHandle(SchemaTypeSystemImpl.java:3507)
	at org.apache.xmlbeans.SchemaComponent$Ref.getComponent(SchemaComponent.java:104)
	at org.apache.xmlbeans.SchemaType$Ref.get(SchemaType.java:872)
	at org.apache.xmlbeans.impl.schema.SchemaPropertyImpl.getType(SchemaPropertyImpl.java:92)
	at org.apache.xmlbeans.impl.schema.SchemaTypeImpl.createElementType(SchemaTypeImpl.java:965)
	at org.apache.xmlbeans.impl.values.XmlObjectBase.create_element_user(XmlObjectBase.java:893)
	at org.apache.xmlbeans.impl.store.Xobj.getUser(Xobj.java:1657)
	at org.apache.xmlbeans.impl.store.Xobj.find_element_user(Xobj.java:2062)
	at org.openxmlformats.schemas.spreadsheetml.x2006.main.impl.WorksheetDocumentImpl.getWorksheet(Unknown Source)
	at org.apache.poi.xssf.usermodel.XSSFSheet.read(XSSFSheet.java:153)
	at org.apache.poi.xssf.usermodel.XSSFSheet.onDocumentRead(XSSFSheet.java:145)
	at org.apache.poi.xssf.usermodel.XSSFWorkbook.onDocumentRead(XSSFWorkbook.java:201)
	at org.apache.poi.POIXMLDocument.load(POIXMLDocument.java:200)
	at org.apache.poi.xssf.usermodel.XSSFWorkbook.&lt;init&gt;(XSSFWorkbook.java:151)
	at org.apache.poi.xssf.usermodel.XSSFWorkbook.&lt;init&gt;(XSSFWorkbook.java:167)
	at com.ezijing.qa.util.PoiUtils.readExcel(PoiUtils.java:62)
	at com.ezijing.qa.util.PoiUtils.getTestData(PoiUtils.java:750)
	at com.ezijing.qa.datacenter.player.PostPlayerPush.pushPlayerNormal(PostPlayerPush.java:41)
</failure>
  </testcase>
  <testcase classname="com.ezijing.qa.datacenter.player.PostPlayerPush" name="pushPlayerNots" time="0.359"/>
  <testcase classname="com.ezijing.qa.datacenter.player.PostPlayerPush" name="pushPlayerNovid" time="0.235"/>
  <testcase classname="com.ezijing.qa.datacenter.player.PostPlayerPush" name="pushPlayerNovsid" time="0.25"/>
  <testcase classname="com.ezijing.qa.datacenter.video.GetVideoIsMark" name="testVideomarkNormal" time="0.156"/>
  <testcase classname="com.ezijing.qa.datacenter.video.GetVideoIsMark" name="testVideomarkNovideoid" time="0.141"/>
  <testcase classname="com.ezijing.qa.sso.GetRole" name="getRole" time="0.14"/>
  <testcase classname="com.ezijing.qa.sso.GetRole" name="getRoleNoId" time="0.157"/>
  <testcase classname="com.ezijing.qa.datacenter.GetCourseMyPurchased" name="courseMyPurchased" time="0.218"/>
  <testcase classname="com.ezijing.qa.datacenter.player.PostPlayerReview" name="playerReviewNocosttime" time="0.313"/>
  <testcase classname="com.ezijing.qa.datacenter.player.PostPlayerReview" name="playerReviewNodevicetype" time="0.234"/>
  <testcase classname="com.ezijing.qa.datacenter.player.PostPlayerReview" name="playerReviewNoquizid" time="0.219"/>
  <testcase classname="com.ezijing.qa.datacenter.player.PostPlayerReview" name="playerReviewNoresult" time="0.25"/>
  <testcase classname="com.ezijing.qa.datacenter.player.PostPlayerReview" name="playerReviewNormal" time="0.266"/>
  <testcase classname="com.ezijing.qa.datacenter.player.PostPlayerReview" name="playerReviewNoseriesid" time="0.234"/>
  <testcase classname="com.ezijing.qa.datacenter.player.PostPlayerReview" name="playerReviewNovideoid" time="0.188"/>
  <testcase classname="com.ezijing.qa.datacenter.video.GetVideoProgress" name="videoProgressNormal" time="0.187"/>
  <testcase classname="com.ezijing.qa.datacenter.video.GetVideoProgress" name="videoProgressNovideoid" time="0.156"/>
  <testcase classname="com.ezijing.qa.datacenter.GetHot" name="courseHot" time="0.172"/>
  <testcase classname="com.ezijing.qa.datacenter.video.PostVideoMarks" name="testVideomarkNormal" time="0.172"/>
  <testcase classname="com.ezijing.qa.datacenter.video.PostVideoMarks" name="testVideomarkNovideoid" time="0.156"/>
  <testcase classname="com.ezijing.qa.datacenter.video.PostVideoMarks" name="testVideomarkNovideomark" time="0.188"/>
  <testcase classname="com.ezijing.qa.sso.PostRegister" name="postRegisterUserNoEmail" time="0.125"/>
  <testcase classname="com.ezijing.qa.sso.PostRegister" name="postRegisterUserNoPassword" time="0.156"/>
  <testcase classname="com.ezijing.qa.sso.PostRegister" name="postRegisterUserNoUsername" time="0.14"/>
  <testcase classname="com.ezijing.qa.sso.PostRegister" name="postRegisterUserNormal" time="0.438"/>
  <testcase classname="com.ezijing.qa.sso.PostRegisterCheck" name="testRegisterCheckExistUser" time="0.141"/>
  <testcase classname="com.ezijing.qa.sso.PostRegisterCheck" name="testRegisterCheckNoExistUser" time="0.14"/>
  <testcase classname="com.ezijing.qa.datacenter.GetProgress" name="courseProgress" time="0.25"/>
  <testcase classname="com.ezijing.qa.sso.PostRegProxyValidate" name="postProxyValidateNormal" time="0.11"/>
  <testcase classname="com.ezijing.qa.datacenter.GetProgressAll" name="courseProgress" time="0.218"/>
  <testcase classname="com.ezijing.qa.datacenter.GetUserInformation" name="courseProgress" time="0.157"/>
  <testcase classname="com.ezijing.qa.sso.PostTickets" name="getTGTNoPassword" time="0.156"/>
  <testcase classname="com.ezijing.qa.sso.PostTickets" name="getTGTNoUsername" time="0.14"/>
  <testcase classname="com.ezijing.qa.sso.PostTickets" name="getTGTNormal" time="0.172">
    <failure message="java.lang.String cannot be cast to com.alibaba.fastjson.JSONObject" type="java.lang.ClassCastException">java.lang.ClassCastException: java.lang.String cannot be cast to com.alibaba.fastjson.JSONObject
	at com.alibaba.fastjson.JSONObject.getJSONObject(JSONObject.java:109)
	at com.ezijing.qa.sso.PostTickets.getTGTNormal(PostTickets.java:65)
</failure>
    <system-out>Request url: https://api.ezijing.com/sso/v1/tickets
Request par: [password=123456, service=http://www.ezijing.com, username=AutoTestUser091300335188]
Resuest method : POST
Response time is :156ms
Response is :{&quot;data&quot;:&quot;&quot;,&quot;errorCode&quot;:1002,&quot;errorMsg&quot;:&quot;用户名或密码错误&quot;}
</system-out>
  </testcase>
  <testcase classname="com.ezijing.qa.sso.PostTickets" name="getTGTWrongPassword" time="0.157"/>
  <testcase classname="com.ezijing.qa.sso.PostTickets" name="getTGTWrongUsername" time="0.14"/>
  <testcase classname="com.ezijing.qa.datacenter.PostExamPush" name="examPushNoaccuracy" time="0.187"/>
  <testcase classname="com.ezijing.qa.datacenter.PostExamPush" name="examPushNocourseid" time="0.157"/>
  <testcase classname="com.ezijing.qa.datacenter.PostExamPush" name="examPushNodevicetype" time="0.203"/>
  <testcase classname="com.ezijing.qa.datacenter.PostExamPush" name="examPushNoendtime" time="0.203"/>
  <testcase classname="com.ezijing.qa.datacenter.PostExamPush" name="examPushNofullscore" time="0.188"/>
  <testcase classname="com.ezijing.qa.datacenter.PostExamPush" name="examPushNormal" time="0.187"/>
  <testcase classname="com.ezijing.qa.datacenter.PostExamPush" name="examPushNoscore" time="0.188"/>
  <testcase classname="com.ezijing.qa.datacenter.PostExamPush" name="examPushNostarttime" time="0.203"/>
  <testcase classname="com.ezijing.qa.datacenter.PostExamPush" name="examPushNouid" time="0.187"/>
  <testcase classname="com.ezijing.qa.datacenter.PostExamPush" name="examPushNouserip" time="0.203">
    <failure message="expected:&lt;200&gt; but was:&lt;400&gt;" type="java.lang.AssertionError">java.lang.AssertionError: expected:&lt;200&gt; but was:&lt;400&gt;
	at org.junit.Assert.fail(Assert.java:88)
	at org.junit.Assert.failNotEquals(Assert.java:743)
	at org.junit.Assert.assertEquals(Assert.java:118)
	at org.junit.Assert.assertEquals(Assert.java:555)
	at org.junit.Assert.assertEquals(Assert.java:542)
	at com.ezijing.qa.datacenter.PostExamPush.examPushNouserip(PostExamPush.java:167)
</failure>
    <system-out>Request url: https://api.ezijing.com/cloud/previous/exam/push
Request par: [uid=27244, course_id=756, score=0.99, time_start=1430918942, accuracy=100.99, device_type=2, time_end=1430919009, fullscore=0.1]
Resuest method : POST
Response time is :188ms
Response is :{&quot;data&quot;:&quot;success&quot;,&quot;errorCode&quot;:200,&quot;errorMsg&quot;:&quot;&quot;,&quot;request&quot;:&quot;previous/exam/push&quot;}
</system-out>
  </testcase>
  <testcase classname="com.ezijing.qa.sso.PostTicketsTGT" name="testPostSTNormal" time="0.141"/>
  <testcase classname="com.ezijing.qa.sso.PostUpdateUser" name="updateUserAvatar" time="1.016">
    <failure message="Method org.testng.internal.TestNGMethod.updateUserAvatar() didn&apos;t finish within the time-out 1000" type="org.testng.internal.thread.ThreadTimeoutException">org.testng.internal.thread.ThreadTimeoutException: Method org.testng.internal.TestNGMethod.updateUserAvatar() didn&apos;t finish within the time-out 1000
	at java.net.SocketInputStream.socketRead0(Native Method)
	at java.net.SocketInputStream.socketRead(SocketInputStream.java:116)
	at java.net.SocketInputStream.read(SocketInputStream.java:170)
	at java.net.SocketInputStream.read(SocketInputStream.java:141)
	at sun.security.ssl.InputRecord.readFully(InputRecord.java:465)
	at sun.security.ssl.InputRecord.read(InputRecord.java:503)
	at sun.security.ssl.SSLSocketImpl.readRecord(SSLSocketImpl.java:961)
	at sun.security.ssl.SSLSocketImpl.readDataRecord(SSLSocketImpl.java:918)
	at sun.security.ssl.AppInputStream.read(AppInputStream.java:105)
	at org.apache.http.impl.io.AbstractSessionInputBuffer.fillBuffer(AbstractSessionInputBuffer.java:160)
	at org.apache.http.impl.io.SocketInputBuffer.fillBuffer(SocketInputBuffer.java:84)
	at org.apache.http.impl.io.AbstractSessionInputBuffer.readLine(AbstractSessionInputBuffer.java:273)
	at org.apache.http.impl.conn.DefaultHttpResponseParser.parseHead(DefaultHttpResponseParser.java:140)
	at org.apache.http.impl.conn.DefaultHttpResponseParser.parseHead(DefaultHttpResponseParser.java:57)
	at org.apache.http.impl.io.AbstractMessageParser.parse(AbstractMessageParser.java:260)
	at org.apache.http.impl.AbstractHttpClientConnection.receiveResponseHeader(AbstractHttpClientConnection.java:283)
	at org.apache.http.impl.conn.DefaultClientConnection.receiveResponseHeader(DefaultClientConnection.java:251)
	at org.apache.http.impl.conn.ManagedClientConnectionImpl.receiveResponseHeader(ManagedClientConnectionImpl.java:197)
	at org.apache.http.protocol.HttpRequestExecutor.doReceiveResponse(HttpRequestExecutor.java:271)
	at org.apache.http.protocol.HttpRequestExecutor.execute(HttpRequestExecutor.java:123)
	at org.apache.http.impl.client.DefaultRequestDirector.tryExecute(DefaultRequestDirector.java:685)
	at org.apache.http.impl.client.DefaultRequestDirector.execute(DefaultRequestDirector.java:487)
	at org.apache.http.impl.client.AbstractHttpClient.doExecute(AbstractHttpClient.java:863)
	at org.apache.http.impl.client.CloseableHttpClient.execute(CloseableHttpClient.java:82)
	at org.apache.http.impl.client.CloseableHttpClient.execute(CloseableHttpClient.java:57)
	at com.ezijing.qa.util.Utils.httpPost(Utils.java:218)
	at com.ezijing.qa.util.BaseApiUtil.postResponse(BaseApiUtil.java:60)
	at com.ezijing.qa.sso.PostUpdateUser.updateUserAvatar(PostUpdateUser.java:69)
</failure>
    <system-out>Request url: https://api.ezijing.com/sso/v1/updateUser
Request par: [mid=1000008513]
Resuest method : POST
</system-out>
  </testcase>
  <testcase classname="com.ezijing.qa.sso.PostUpdateUser" name="updateUserEmail" time="1.015">
    <failure message="Method org.testng.internal.TestNGMethod.updateUserEmail() didn&apos;t finish within the time-out 1000" type="org.testng.internal.thread.ThreadTimeoutException">org.testng.internal.thread.ThreadTimeoutException: Method org.testng.internal.TestNGMethod.updateUserEmail() didn&apos;t finish within the time-out 1000
	at java.net.SocketInputStream.socketRead0(Native Method)
	at java.net.SocketInputStream.socketRead(SocketInputStream.java:116)
	at java.net.SocketInputStream.read(SocketInputStream.java:170)
	at java.net.SocketInputStream.read(SocketInputStream.java:141)
	at sun.security.ssl.InputRecord.readFully(InputRecord.java:465)
	at sun.security.ssl.InputRecord.read(InputRecord.java:503)
	at sun.security.ssl.SSLSocketImpl.readRecord(SSLSocketImpl.java:961)
	at sun.security.ssl.SSLSocketImpl.readDataRecord(SSLSocketImpl.java:918)
	at sun.security.ssl.AppInputStream.read(AppInputStream.java:105)
	at org.apache.http.impl.io.AbstractSessionInputBuffer.fillBuffer(AbstractSessionInputBuffer.java:160)
	at org.apache.http.impl.io.SocketInputBuffer.fillBuffer(SocketInputBuffer.java:84)
	at org.apache.http.impl.io.AbstractSessionInputBuffer.readLine(AbstractSessionInputBuffer.java:273)
	at org.apache.http.impl.conn.DefaultHttpResponseParser.parseHead(DefaultHttpResponseParser.java:140)
	at org.apache.http.impl.conn.DefaultHttpResponseParser.parseHead(DefaultHttpResponseParser.java:57)
	at org.apache.http.impl.io.AbstractMessageParser.parse(AbstractMessageParser.java:260)
	at org.apache.http.impl.AbstractHttpClientConnection.receiveResponseHeader(AbstractHttpClientConnection.java:283)
	at org.apache.http.impl.conn.DefaultClientConnection.receiveResponseHeader(DefaultClientConnection.java:251)
	at org.apache.http.impl.conn.ManagedClientConnectionImpl.receiveResponseHeader(ManagedClientConnectionImpl.java:197)
	at org.apache.http.protocol.HttpRequestExecutor.doReceiveResponse(HttpRequestExecutor.java:271)
	at org.apache.http.protocol.HttpRequestExecutor.execute(HttpRequestExecutor.java:123)
	at org.apache.http.impl.client.DefaultRequestDirector.tryExecute(DefaultRequestDirector.java:685)
	at org.apache.http.impl.client.DefaultRequestDirector.execute(DefaultRequestDirector.java:487)
	at org.apache.http.impl.client.AbstractHttpClient.doExecute(AbstractHttpClient.java:863)
	at org.apache.http.impl.client.CloseableHttpClient.execute(CloseableHttpClient.java:82)
	at org.apache.http.impl.client.CloseableHttpClient.execute(CloseableHttpClient.java:57)
	at com.ezijing.qa.util.Utils.httpPost(Utils.java:218)
	at com.ezijing.qa.util.BaseApiUtil.postResponse(BaseApiUtil.java:60)
	at com.ezijing.qa.sso.PostUpdateUser.updateUserEmail(PostUpdateUser.java:84)
</failure>
    <system-out>Request url: https://api.ezijing.com/sso/v1/updateUser
Request par: [gender=男, companyName=紫荆教育, mid=1000008513, email=1313003352@sina.com]
Resuest method : POST
</system-out>
  </testcase>
  <testcase classname="com.ezijing.qa.datacenter.GetCourseInformation" name="afterTest" time="3.703">
    <failure message="expected:&lt;1009&gt; but was:&lt;200&gt;" type="java.lang.AssertionError">java.lang.AssertionError: expected:&lt;1009&gt; but was:&lt;200&gt;
	at org.junit.Assert.fail(Assert.java:88)
	at org.junit.Assert.failNotEquals(Assert.java:743)
	at org.junit.Assert.assertEquals(Assert.java:118)
	at org.junit.Assert.assertEquals(Assert.java:555)
	at org.junit.Assert.assertEquals(Assert.java:542)
	at com.ezijing.qa.sso.PostTickets.afterTest(PostTickets.java:135)
	at sun.reflect.NativeMethodAccessorImpl.invoke0(Native Method)
	at sun.reflect.NativeMethodAccessorImpl.invoke(NativeMethodAccessorImpl.java:62)
	at sun.reflect.DelegatingMethodAccessorImpl.invoke(DelegatingMethodAccessorImpl.java:43)
	at java.lang.reflect.Method.invoke(Method.java:497)
	at org.testng.internal.MethodInvocationHelper.invokeMethod(MethodInvocationHelper.java:80)
	at org.testng.internal.Invoker.invokeConfigurationMethod(Invoker.java:525)
	at org.testng.internal.Invoker.invokeConfigurations(Invoker.java:202)
	at org.testng.internal.Invoker.invokeConfigurations(Invoker.java:130)
	at org.testng.TestRunner.afterRun(TestRunner.java:1187)
	at org.testng.TestRunner.run(TestRunner.java:612)
	at org.testng.SuiteRunner.runTest(SuiteRunner.java:334)
	at org.testng.SuiteRunner.runSequentially(SuiteRunner.java:329)
	at org.testng.SuiteRunner.privateRun(SuiteRunner.java:291)
	at org.testng.SuiteRunner.run(SuiteRunner.java:240)
	at org.testng.SuiteRunnerWorker.runSuite(SuiteRunnerWorker.java:52)
	at org.testng.SuiteRunnerWorker.run(SuiteRunnerWorker.java:86)
	at org.testng.TestNG.runSuitesSequentially(TestNG.java:1158)
	at org.testng.TestNG.runSuitesLocally(TestNG.java:1083)
	at org.testng.TestNG.run(TestNG.java:999)
	at org.apache.maven.surefire.testng.TestNGExecutor.run(TestNGExecutor.java:74)
	at org.apache.maven.surefire.testng.TestNGXmlTestSuite.execute(TestNGXmlTestSuite.java:92)
	at org.apache.maven.surefire.Surefire.run(Surefire.java:177)
	at sun.reflect.NativeMethodAccessorImpl.invoke0(Native Method)
	at sun.reflect.NativeMethodAccessorImpl.invoke(NativeMethodAccessorImpl.java:62)
	at sun.reflect.DelegatingMethodAccessorImpl.invoke(DelegatingMethodAccessorImpl.java:43)
	at java.lang.reflect.Method.invoke(Method.java:497)
	at org.apache.maven.surefire.booter.SurefireBooter.runSuitesInProcess(SurefireBooter.java:345)
	at org.apache.maven.surefire.booter.SurefireBooter.main(SurefireBooter.java:1009)
</failure>
    <system-out>Request url: https://api.ezijing.com/sso/v1/updateUser
Request par: [gender=男, companyName=紫荆教育, mid=1000008513, email=1313003352@sina.com]
Resuest method : POST
</system-out>
  </testcase>
  <testcase classname="com.ezijing.qa.datacenter.GetCourseInformation" name="afterTest" time="3.703">
    <skipped/>
  </testcase>
  <testcase classname="com.ezijing.qa.datacenter.GetCourseInformation" name="deleteUser" time="3.703">
    <skipped/>
  </testcase>
  <testcase classname="com.ezijing.qa.datacenter.GetCourseInformation" name="afterTest" time="3.703">
    <skipped/>
  </testcase>
  <testcase classname="com.ezijing.qa.datacenter.GetCourseInformation" name="deleteUser" time="3.703">
    <skipped/>
  </testcase>
</testsuite>